<?xml version="1.0" encoding="UTF-8" ?>
<testsuites>

  <testsuite name="util.js suite" errors="0" tests="1" failures="0" time="0.013" timestamp="Wed Nov 15 2017 16:02:16 GMT-0500 (EST)">
    
      <testcase assertions="0" classname="util.js suite" name="Test setNoRecords" time="0.012">
        
      </testcase>
    
  </testsuite>

</testsuites>