<?xml version="1.0" encoding="UTF-8" ?>
<testsuites>

  <testsuite name="Top level validation function to validate backbone model" errors="0" tests="4" failures="0" time="0.03" timestamp="Wed Nov 15 2017 16:02:12 GMT-0500 (EST)">
    
      <testcase assertions="0" classname="Top level validation function to validate backbone model" name="should fail validation if administering provider is not valid" time="0.009">
        
      </testcase>
    
      <testcase assertions="0" classname="Top level validation function to validate backbone model" name="should fail validation if dose is not valid" time="0.007">
        
      </testcase>
    
      <testcase assertions="0" classname="Top level validation function to validate backbone model" name="should fail validation if administration date is in the future" time="0.007">
        
      </testcase>
    
      <testcase assertions="0" classname="Top level validation function to validate backbone model" name="should fail validation if vis date offered is in the future" time="0.006">
        
      </testcase>
    
  </testsuite>

</testsuites>