<?xml version="1.0" encoding="UTF-8" ?>
<testsuites>

  <testsuite name="Test parsing of allergen list" errors="0" tests="4" failures="0" time="0.03" timestamp="Wed Nov 15 2017 16:02:12 GMT-0500 (EST)">
    
      <testcase assertions="0" classname="Test parsing of allergen list" name="should return an empty array if there are no data in the response" time="0.006">
        
      </testcase>
    
      <testcase assertions="0" classname="Test parsing of allergen list" name="should return the properly formatted allergen array" time="0.006">
        
      </testcase>
    
      <testcase assertions="0" classname="Test parsing of allergen list" name="should remove no known allergies allergen and group when flag is true" time="0.006">
        
      </testcase>
    
      <testcase assertions="0" classname="Test parsing of allergen list" name="should remove no known allergies when flag is true" time="0.007">
        
      </testcase>
    
  </testsuite>

</testsuites>