<?xml version="1.0" encoding="UTF-8" ?>
<testsuites>

  <testsuite name="Writeback utility for building the edit problems model" errors="0" tests="2" failures="0" time="0.019" timestamp="Wed Nov 15 2017 16:02:16 GMT-0500 (EST)">
    
      <testcase assertions="0" classname="Writeback utility for building the edit problems model" name="Should build the edit model correctly" time="0.009">
        
      </testcase>
    
      <testcase assertions="0" classname="Writeback utility for building the edit problems model" name="Should build the model correctly with comments" time="0.009">
        
      </testcase>
    
  </testsuite>

</testsuites>