<?xml version="1.0" encoding="UTF-8" ?>
<testsuites>

  <testsuite name="Determine the header of the fillable column" errors="0" tests="4" failures="0" time="0.039" timestamp="Wed Nov 15 2017 16:02:14 GMT-0500 (EST)">
    
      <testcase assertions="0" classname="Determine the header of the fillable column" name="Should return &#39;Status/Next&#39; for Inpatient medication" time="0.018">
        
      </testcase>
    
      <testcase assertions="0" classname="Determine the header of the fillable column" name="Should return &#39;Status/Next&#39; for IV medication" time="0.006">
        
      </testcase>
    
      <testcase assertions="0" classname="Determine the header of the fillable column" name="Should return &#39;Status/Fillable&#39; for Outpatient" time="0.006">
        
      </testcase>
    
      <testcase assertions="0" classname="Determine the header of the fillable column" name="Should return &#39;Status/Fillable&#39; for Clinical orders" time="0.007">
        
      </testcase>
    
  </testsuite>

</testsuites>