<?xml version="1.0" encoding="UTF-8" ?>
<testsuites>

  <testsuite name="Testing getCreatedAtFacilityName utility function" errors="0" tests="1" failures="0" time="0.007" timestamp="Wed Nov 15 2017 16:02:16 GMT-0500 (EST)">
    
      <testcase assertions="0" classname="Testing getCreatedAtFacilityName utility function" name="Should return correctly facility name" time="0.007">
        
      </testcase>
    
  </testsuite>

</testsuites>