<?xml version="1.0" encoding="UTF-8" ?>
<testsuites>

  <testsuite name="Testing enrichSingleActivityModel utility function" errors="0" tests="2" failures="0" time="0.019" timestamp="Wed Nov 15 2017 16:02:16 GMT-0500 (EST)">
    
      <testcase assertions="0" classname="Testing enrichSingleActivityModel utility function" name="Should fill in normal fields properly" time="0.007">
        
      </testcase>
    
      <testcase assertions="0" classname="Testing enrichSingleActivityModel utility function" name="Should fill in other cases" time="0.011">
        
      </testcase>
    
  </testsuite>

</testsuites>