<?xml version="1.0" encoding="UTF-8" ?>
<testsuites>

  <testsuite name="Verify if the users list is formatted properly when NOT pageable (isValidUsersList):" errors="0" tests="3" failures="0" time="0.02" timestamp="Wed Nov 15 2017 16:02:16 GMT-0500 (EST)">
    
      <testcase assertions="0" classname="Verify if the users list is formatted properly when NOT pageable (isValidUsersList):" name="should return false when the returned user collection object is NOT pageable and has no models" time="0.007">
        
      </testcase>
    
      <testcase assertions="0" classname="Verify if the users list is formatted properly when NOT pageable (isValidUsersList):" name="should return false when the returned user collection object is NOT pageable and has no models" time="0.006">
        
      </testcase>
    
      <testcase assertions="0" classname="Verify if the users list is formatted properly when NOT pageable (isValidUsersList):" name="should return true when the returned user collection object is NOT pageable and has model objects" time="0.006">
        
      </testcase>
    
  </testsuite>

</testsuites>