<?xml version="1.0" encoding="UTF-8" ?>
<testsuites>

  <testsuite name="verify isSurgery returns true/false correctly" errors="0" tests="4" failures="0" time="0.041" timestamp="Wed Nov 15 2017 16:02:15 GMT-0500 (EST)">
    
      <testcase assertions="0" classname="verify isSurgery returns true/false correctly" name="should return true when kind is surgery" time="0.008">
        
      </testcase>
    
      <testcase assertions="0" classname="verify isSurgery returns true/false correctly" name="should return false when kind is not surgery" time="0.006">
        
      </testcase>
    
      <testcase assertions="0" classname="verify isSurgery returns true/false correctly" name="should return true when the model is a Backbone.Model" time="0.019">
        
      </testcase>
    
      <testcase assertions="0" classname="verify isSurgery returns true/false correctly" name="should return false when kind is not defined" time="0.007">
        
      </testcase>
    
  </testsuite>

</testsuites>