<?xml version="1.0" encoding="UTF-8" ?>
<testsuites>

  <testsuite name="Parse utility function for formatting information statements" errors="0" tests="2" failures="0" time="0.025" timestamp="Wed Nov 15 2017 16:02:12 GMT-0500 (EST)">
    
      <testcase assertions="0" classname="Parse utility function for formatting information statements" name="should provide empty list if information statement is an empty string" time="0.018">
        
      </testcase>
    
      <testcase assertions="0" classname="Parse utility function for formatting information statements" name="should parse information statements correctly and only show current" time="0.006">
        
      </testcase>
    
  </testsuite>

</testsuites>