<?xml version="1.0" encoding="UTF-8" ?>
<testsuites>

  <testsuite name="Testing setRequest utility function" errors="0" tests="1" failures="0" time="0.011" timestamp="Wed Nov 15 2017 16:02:16 GMT-0500 (EST)">
    
      <testcase assertions="0" classname="Testing setRequest utility function" name="Should set request properly" time="0.006">
        
      </testcase>
    
  </testsuite>

</testsuites>