<?xml version="1.0" encoding="UTF-8" ?>
<testsuites>

  <testsuite name="Determine if medication has fills" errors="0" tests="1" failures="0" time="0.006" timestamp="Wed Nov 15 2017 16:02:13 GMT-0500 (EST)">
    
      <testcase assertions="0" classname="Determine if medication has fills" name="Should return a numeric value 0" time="0.006">
        
      </testcase>
    
  </testsuite>

</testsuites>