<?xml version="1.0" encoding="UTF-8" ?>
<testsuites>

  <testsuite name="A suite" errors="0" tests="1" failures="0" time="0.008" timestamp="Wed Nov 15 2017 16:02:12 GMT-0500 (EST)">
    
      <testcase assertions="0" classname="A suite" name="contains spec with an expectation" time="0.006">
        
      </testcase>
    
  </testsuite>

</testsuites>