<?xml version="1.0" encoding="UTF-8" ?>
<testsuites>

  <testsuite name="Determine fills remaining" errors="0" tests="4" failures="0" time="0.03" timestamp="Wed Nov 15 2017 16:02:13 GMT-0500 (EST)">
    
      <testcase assertions="0" classname="Determine fills remaining" name="Should return 1" time="0.008">
        
      </testcase>
    
      <testcase assertions="0" classname="Determine fills remaining" name="Should return 0 if orders is undefined" time="0.006">
        
      </testcase>
    
      <testcase assertions="0" classname="Determine fills remaining" name="Should return 0 if orders is empty array" time="0.007">
        
      </testcase>
    
      <testcase assertions="0" classname="Determine fills remaining" name="Should return 0 if fillsRemaining is undefined" time="0.006">
        
      </testcase>
    
  </testsuite>

</testsuites>