<?xml version="1.0" encoding="UTF-8" ?>
<testsuites>

  <testsuite name="Writeback utility for handling treatment factors" errors="0" tests="1" failures="0" time="0.007" timestamp="Wed Nov 15 2017 16:02:16 GMT-0500 (EST)">
    
      <testcase assertions="0" classname="Writeback utility for handling treatment factors" name="Test various treatment factors" time="0.006">
        
      </testcase>
    
  </testsuite>

</testsuites>