<?xml version="1.0" encoding="UTF-8" ?>
<testsuites>

  <testsuite name="Verify if the comparison of two arrays:" errors="0" tests="9" failures="0" time="0.06" timestamp="Wed Nov 15 2017 16:02:16 GMT-0500 (EST)">
    
      <testcase assertions="0" classname="Verify if the comparison of two arrays:" name="should return true for two empty arrays" time="0.006">
        
      </testcase>
    
      <testcase assertions="0" classname="Verify if the comparison of two arrays:" name="should return false for one empty array and one array that has one or more elements" time="0.005">
        
      </testcase>
    
      <testcase assertions="0" classname="Verify if the comparison of two arrays:" name="should return false for one empty array and one array that has one or more elements" time="0.006">
        
      </testcase>
    
      <testcase assertions="0" classname="Verify if the comparison of two arrays:" name="should return true for two arrays that have the same elements in the same order" time="0.006">
        
      </testcase>
    
      <testcase assertions="0" classname="Verify if the comparison of two arrays:" name="should return true for two arrays that have the same elements, but NOT the same order" time="0.006">
        
      </testcase>
    
      <testcase assertions="0" classname="Verify if the comparison of two arrays:" name="should return false for two arrays that have different number of elements" time="0.006">
        
      </testcase>
    
      <testcase assertions="0" classname="Verify if the comparison of two arrays:" name="should return false for two arrays that have different number of elements" time="0.007">
        
      </testcase>
    
      <testcase assertions="0" classname="Verify if the comparison of two arrays:" name="should return false for two arrays that have the same number of elements, but different elements" time="0.006">
        
      </testcase>
    
      <testcase assertions="0" classname="Verify if the comparison of two arrays:" name="should return false for two arrays that have the same number of elements, but different elements" time="0.007">
        
      </testcase>
    
  </testsuite>

</testsuites>