<?xml version="1.0" encoding="UTF-8" ?>
<testsuites>

  <testsuite name="Colon replacement" errors="0" tests="1" failures="0" time="0.007" timestamp="Wed Nov 15 2017 16:02:13 GMT-0500 (EST)">
    
      <testcase assertions="0" classname="Colon replacement" name="Return the uid with all &#39;colon&#39; within the string replaced with &#39;underscore&#39;" time="0.006">
        
      </testcase>
    
  </testsuite>

</testsuites>