<?xml version="1.0" encoding="UTF-8" ?>
<testsuites>

  <testsuite name="Test date format" errors="0" tests="4" failures="0" time="0.029" timestamp="Wed Nov 15 2017 16:02:16 GMT-0500 (EST)">
    
      <testcase assertions="0" classname="Test date format" name="formats date correctly with mask" time="0.007">
        
      </testcase>
    
      <testcase assertions="0" classname="Test date format" name="formats date correctly with mask" time="0.007">
        
      </testcase>
    
      <testcase assertions="0" classname="Test date format" name="formats date correctly with mask" time="0.006">
        
      </testcase>
    
      <testcase assertions="0" classname="Test date format" name="formats date correctly with mask" time="0.007">
        
      </testcase>
    
  </testsuite>

</testsuites>