<?xml version="1.0" encoding="UTF-8" ?>
<testsuites>

  <testsuite name="Determine the medication order name" errors="0" tests="3" failures="0" time="0.021" timestamp="Wed Nov 15 2017 16:02:13 GMT-0500 (EST)">
    
      <testcase assertions="0" classname="Determine the medication order name" name="should return the name of medication when it exist" time="0.007">
        
      </testcase>
    
      <testcase assertions="0" classname="Determine the medication order name" name="should return no data when name is undefine" time="0.006">
        
      </testcase>
    
      <testcase assertions="0" classname="Determine the medication order name" name="should return no data when name is an empty string" time="0.007">
        
      </testcase>
    
  </testsuite>

</testsuites>