<?xml version="1.0" encoding="UTF-8" ?>
<testsuites>

  <testsuite name="Ensure correct detection of overlapping with non-VA meds" errors="0" tests="5" failures="0" time="0.042" timestamp="Wed Nov 15 2017 16:02:14 GMT-0500 (EST)">
    
      <testcase assertions="0" classname="Ensure correct detection of overlapping with non-VA meds" name="Should be considered overlapping if earlier med is non-VA and active" time="0.006">
        
      </testcase>
    
      <testcase assertions="0" classname="Ensure correct detection of overlapping with non-VA meds" name="Should be considered overlapping if both meds are non-VA and active" time="0.007">
        
      </testcase>
    
      <testcase assertions="0" classname="Ensure correct detection of overlapping with non-VA meds" name="Should NOT be considered overlapping if earlier med is non-VA and expired" time="0.012">
        
      </testcase>
    
      <testcase assertions="0" classname="Ensure correct detection of overlapping with non-VA meds" name="Should NOT be considered overlapping if later med is non-VA and active" time="0.008">
        
      </testcase>
    
      <testcase assertions="0" classname="Ensure correct detection of overlapping with non-VA meds" name="Should NOT be considered overlapping if later med is non-VA and active" time="0.006">
        
      </testcase>
    
  </testsuite>

</testsuites>