<?xml version="1.0" encoding="UTF-8" ?>
<testsuites>

  <testsuite name="Validation for administration date" errors="0" tests="4" failures="0" time="0.027" timestamp="Wed Nov 15 2017 16:02:12 GMT-0500 (EST)">
    
      <testcase assertions="0" classname="Validation for administration date" name="Should pass if past or present date" time="0.006">
        
      </testcase>
    
      <testcase assertions="0" classname="Validation for administration date" name="Should fail if future date - full date" time="0.007">
        
      </testcase>
    
      <testcase assertions="0" classname="Validation for administration date" name="Should fail if future date - fuzzy year" time="0.006">
        
      </testcase>
    
      <testcase assertions="0" classname="Validation for administration date" name="Should fail if future date - fuzzy month/year" time="0.007">
        
      </testcase>
    
  </testsuite>

</testsuites>