<?xml version="1.0" encoding="UTF-8" ?>
<testsuites>

  <testsuite name="Determine order details control info, given order details" errors="0" tests="6" failures="0" time="0.049" timestamp="Wed Nov 15 2017 16:02:15 GMT-0500 (EST)">
    
      <testcase assertions="0" classname="Determine order details control info, given order details" name="Should correctly determine the control info for a new, unsigned lab order" time="0.007">
        
      </testcase>
    
      <testcase assertions="0" classname="Determine order details control info, given order details" name="Should correctly determine the control info for a signed, pending lab order" time="0.006">
        
      </testcase>
    
      <testcase assertions="0" classname="Determine order details control info, given order details" name="Should correctly determine the control info for a discontinued, pending lab order" time="0.014">
        
      </testcase>
    
      <testcase assertions="0" classname="Determine order details control info, given order details" name="Should correctly determine the control info for a discontinued lab order" time="0.008">
        
      </testcase>
    
      <testcase assertions="0" classname="Determine order details control info, given order details" name="Should correctly determine the control info for a canceled lab order" time="0.006">
        
      </testcase>
    
      <testcase assertions="0" classname="Determine order details control info, given order details" name="Should correctly determine the control info for a completed lab order" time="0.006">
        
      </testcase>
    
  </testsuite>

</testsuites>