<?xml version="1.0" encoding="UTF-8" ?>
<testsuites>

  <testsuite name="Ensure getCanBeGraphed handles active non-VA meds with good and bad dates appropriately" errors="0" tests="9" failures="0" time="0.088" timestamp="Wed Nov 15 2017 16:02:14 GMT-0500 (EST)">
    
      <testcase assertions="0" classname="Ensure getCanBeGraphed handles active non-VA meds with good and bad dates appropriately" name="Should be graphable when status is active and both stop dates are defined and after overallStart" time="0.007">
        
      </testcase>
    
      <testcase assertions="0" classname="Ensure getCanBeGraphed handles active non-VA meds with good and bad dates appropriately" name="Should be graphable when status is active and both stop dates are undefined" time="0.014">
        
      </testcase>
    
      <testcase assertions="0" classname="Ensure getCanBeGraphed handles active non-VA meds with good and bad dates appropriately" name="Should be graphable when status is active and stopped is undefined" time="0.007">
        
      </testcase>
    
      <testcase assertions="0" classname="Ensure getCanBeGraphed handles active non-VA meds with good and bad dates appropriately" name="Should be graphable when status is active and overallStop is undefined" time="0.007">
        
      </testcase>
    
      <testcase assertions="0" classname="Ensure getCanBeGraphed handles active non-VA meds with good and bad dates appropriately" name="Should be graphable when status is active and both stop dates are before overallStart" time="0.007">
        
      </testcase>
    
      <testcase assertions="0" classname="Ensure getCanBeGraphed handles active non-VA meds with good and bad dates appropriately" name="Should be graphable when status is active and stopped is before overallStart" time="0.007">
        
      </testcase>
    
      <testcase assertions="0" classname="Ensure getCanBeGraphed handles active non-VA meds with good and bad dates appropriately" name="Should be graphable when status is active and overallStop is before overallStart" time="0.008">
        
      </testcase>
    
      <testcase assertions="0" classname="Ensure getCanBeGraphed handles active non-VA meds with good and bad dates appropriately" name="Should be graphable when status is expired and overallStop is before undefined" time="0.007">
        
      </testcase>
    
      <testcase assertions="0" classname="Ensure getCanBeGraphed handles active non-VA meds with good and bad dates appropriately" name="Should be graphable when status is expired and overallStop is before overallStart" time="0.019">
        
      </testcase>
    
  </testsuite>

</testsuites>