<?xml version="1.0" encoding="UTF-8" ?>
<testsuites>

  <testsuite name="Verify that convertThumbnails converts thumbnails to loopable backbone collection" errors="0" tests="1" failures="0" time="0.008" timestamp="Wed Nov 15 2017 16:02:16 GMT-0500 (EST)">
    
      <testcase assertions="0" classname="Verify that convertThumbnails converts thumbnails to loopable backbone collection" name="should return true if thumbnails has a length" time="0.008">
        
      </testcase>
    
  </testsuite>

</testsuites>