<?xml version="1.0" encoding="UTF-8" ?>
<testsuites>

  <testsuite name="Determine the string output" errors="0" tests="1" failures="0" time="0.007" timestamp="Wed Nov 15 2017 16:02:13 GMT-0500 (EST)">
    
      <testcase assertions="0" classname="Determine the string output" name="Should return the data after the last colon" time="0.007">
        
      </testcase>
    
  </testsuite>

</testsuites>