<?xml version="1.0" encoding="UTF-8" ?>
<testsuites>

  <testsuite name="Writeback utility function for building the save problem model" errors="0" tests="1" failures="0" time="0.009" timestamp="Wed Nov 15 2017 16:02:16 GMT-0500 (EST)">
    
      <testcase assertions="0" classname="Writeback utility function for building the save problem model" name="Test problem model properties" time="0.009">
        
      </testcase>
    
  </testsuite>

</testsuites>