<?xml version="1.0" encoding="UTF-8" ?>
<testsuites>

  <testsuite name="Parse utility for getting a formatted VIS name" errors="0" tests="1" failures="0" time="0.007" timestamp="Wed Nov 15 2017 16:02:12 GMT-0500 (EST)">
    
      <testcase assertions="0" classname="Parse utility for getting a formatted VIS name" name="Should return the properly formatted name" time="0.006">
        
      </testcase>
    
  </testsuite>

</testsuites>